2024-10-28 20:16:13,339 [Worker-8: Loading available Gradle versions] INFO  o.e.b.c.i.u.g.PublishedGradleVersions - Gradle version information cache is out-of-date. Trying to update.
2024-10-28 20:26:16,551 [Worker-32: Creating project "DemoProject"] INFO  o.e.m.c.i.l.LifecycleMappingFactory - Using org.eclipse.m2e.jdt.JarLifecycleMapping lifecycle mapping for MavenProject: com.ty:DemoProject:0.0.1-SNAPSHOT @ C:\Users\Rahul\Desktop\JDBC\DemoProject\pom.xml.
2024-10-28 20:26:17,607 [Worker-32: Creating project "DemoProject"] INFO  o.e.m.j.i.AbstractJavaProjectConfigurator - Adding source folder /DemoProject/src/main/java
2024-10-28 20:26:17,608 [Worker-32: Creating project "DemoProject"] INFO  o.e.m.j.i.AbstractJavaProjectConfigurator - Adding resource folder /DemoProject/src/main/resources
2024-10-28 20:26:17,609 [Worker-32: Creating project "DemoProject"] INFO  o.e.m.j.i.AbstractJavaProjectConfigurator - Adding source folder /DemoProject/src/test/java
2024-10-28 20:26:17,609 [Worker-32: Creating project "DemoProject"] INFO  o.e.m.j.i.AbstractJavaProjectConfigurator - Adding resource folder /DemoProject/src/test/resources
2024-10-28 20:26:19,064 [Worker-34: Building] WARN  o.e.m.c.i.embedder.EclipseLogger - Using platform encoding (Cp1252 actually) to copy filtered resources, i.e. build is platform dependent!
2024-10-28 20:26:19,070 [Worker-34: Building] INFO  o.e.m.c.i.embedder.EclipseLogger - Copying 0 resource
2024-10-28 20:26:19,074 [Worker-34: Building] WARN  o.e.m.c.i.embedder.EclipseLogger - Using platform encoding (Cp1252 actually) to copy filtered resources, i.e. build is platform dependent!
2024-10-28 20:26:19,075 [Worker-34: Building] INFO  o.e.m.c.i.embedder.EclipseLogger - Copying 0 resource
2024-10-28 20:35:28,714 [Worker-41: Building] INFO  o.e.m.c.i.l.LifecycleMappingFactory - Using org.eclipse.m2e.jdt.JarLifecycleMapping lifecycle mapping for MavenProject: com.ty:DemoProject:0.0.1-SNAPSHOT @ C:\Users\Rahul\Desktop\JDBC\DemoProject\pom.xml.
2024-10-28 20:35:28,817 [Worker-41: Building] WARN  o.e.m.c.i.embedder.EclipseLogger - Using platform encoding (Cp1252 actually) to copy filtered resources, i.e. build is platform dependent!
2024-10-28 20:35:28,819 [Worker-41: Building] INFO  o.e.m.c.i.embedder.EclipseLogger - Copying 0 resource
2024-10-28 20:35:28,821 [Worker-41: Building] WARN  o.e.m.c.i.embedder.EclipseLogger - Using platform encoding (Cp1252 actually) to copy filtered resources, i.e. build is platform dependent!
2024-10-28 20:35:28,822 [Worker-41: Building] INFO  o.e.m.c.i.embedder.EclipseLogger - Copying 0 resource
2024-10-28 20:35:29,987 [Worker-41: Building] WARN  o.e.m.c.i.embedder.EclipseLogger - Using platform encoding (Cp1252 actually) to copy filtered resources, i.e. build is platform dependent!
2024-10-28 20:35:29,991 [Worker-41: Building] INFO  o.e.m.c.i.embedder.EclipseLogger - Copying 0 resource
2024-10-28 20:35:29,992 [Worker-41: Building] WARN  o.e.m.c.i.embedder.EclipseLogger - Using platform encoding (Cp1252 actually) to copy filtered resources, i.e. build is platform dependent!
2024-10-28 20:35:29,993 [Worker-41: Building] INFO  o.e.m.c.i.embedder.EclipseLogger - Copying 0 resource
2024-10-29 20:49:27,924 [Worker-7: Loading available Gradle versions] INFO  o.e.b.c.i.u.g.PublishedGradleVersions - Gradle version information cache is out-of-date. Trying to update.
2024-10-29 20:49:33,289 [Worker-14: Building] WARN  o.e.m.c.i.embedder.EclipseLogger - Using platform encoding (Cp1252 actually) to copy filtered resources, i.e. build is platform dependent!
2024-10-29 20:49:33,299 [Worker-14: Building] INFO  o.e.m.c.i.embedder.EclipseLogger - Copying 0 resource
2024-10-29 20:49:33,308 [Worker-14: Building] WARN  o.e.m.c.i.embedder.EclipseLogger - Using platform encoding (Cp1252 actually) to copy filtered resources, i.e. build is platform dependent!
2024-10-29 20:49:33,310 [Worker-14: Building] INFO  o.e.m.c.i.embedder.EclipseLogger - Copying 0 resource
2024-10-30 19:34:13,060 [Worker-5: Loading available Gradle versions] INFO  o.e.b.c.i.u.g.PublishedGradleVersions - Gradle version information cache is up-to-date. Trying to read.
2024-10-30 19:55:17,244 [Worker-32: Building] WARN  o.e.m.c.i.embedder.EclipseLogger - Using platform encoding (Cp1252 actually) to copy filtered resources, i.e. build is platform dependent!
2024-10-30 19:55:17,250 [Worker-32: Building] INFO  o.e.m.c.i.embedder.EclipseLogger - Copying 0 resource
2024-10-30 19:55:17,255 [Worker-32: Building] WARN  o.e.m.c.i.embedder.EclipseLogger - Using platform encoding (Cp1252 actually) to copy filtered resources, i.e. build is platform dependent!
2024-10-30 19:55:17,256 [Worker-32: Building] INFO  o.e.m.c.i.embedder.EclipseLogger - Copying 0 resource
2024-10-30 20:03:53,060 [Worker-36: Launching Insert] WARN  o.e.m.c.i.embedder.EclipseLogger - Using platform encoding (Cp1252 actually) to copy filtered resources, i.e. build is platform dependent!
2024-10-30 20:03:53,077 [Worker-36: Launching Insert] INFO  o.e.m.c.i.embedder.EclipseLogger - Copying 0 resource
2024-10-30 20:03:53,087 [Worker-36: Launching Insert] WARN  o.e.m.c.i.embedder.EclipseLogger - Using platform encoding (Cp1252 actually) to copy filtered resources, i.e. build is platform dependent!
2024-10-30 20:03:53,093 [Worker-36: Launching Insert] INFO  o.e.m.c.i.embedder.EclipseLogger - Copying 0 resource
2024-10-30 20:15:03,436 [Worker-41: Launching Insert] WARN  o.e.m.c.i.embedder.EclipseLogger - Using platform encoding (Cp1252 actually) to copy filtered resources, i.e. build is platform dependent!
2024-10-30 20:15:03,439 [Worker-41: Launching Insert] INFO  o.e.m.c.i.embedder.EclipseLogger - Copying 0 resource
2024-10-30 20:15:03,443 [Worker-41: Launching Insert] WARN  o.e.m.c.i.embedder.EclipseLogger - Using platform encoding (Cp1252 actually) to copy filtered resources, i.e. build is platform dependent!
2024-10-30 20:15:03,445 [Worker-41: Launching Insert] INFO  o.e.m.c.i.embedder.EclipseLogger - Copying 0 resource
2024-10-30 20:15:35,274 [Worker-37: Building] WARN  o.e.m.c.i.embedder.EclipseLogger - Using platform encoding (Cp1252 actually) to copy filtered resources, i.e. build is platform dependent!
2024-10-30 20:15:35,280 [Worker-37: Building] INFO  o.e.m.c.i.embedder.EclipseLogger - Copying 0 resource
2024-10-30 20:15:35,287 [Worker-37: Building] WARN  o.e.m.c.i.embedder.EclipseLogger - Using platform encoding (Cp1252 actually) to copy filtered resources, i.e. build is platform dependent!
2024-10-30 20:15:35,290 [Worker-37: Building] INFO  o.e.m.c.i.embedder.EclipseLogger - Copying 0 resource
2024-10-30 21:01:24,684 [Worker-48: Launching Update] WARN  o.e.m.c.i.embedder.EclipseLogger - Using platform encoding (Cp1252 actually) to copy filtered resources, i.e. build is platform dependent!
2024-10-30 21:01:24,690 [Worker-48: Launching Update] INFO  o.e.m.c.i.embedder.EclipseLogger - Copying 0 resource
2024-10-30 21:01:24,693 [Worker-48: Launching Update] WARN  o.e.m.c.i.embedder.EclipseLogger - Using platform encoding (Cp1252 actually) to copy filtered resources, i.e. build is platform dependent!
2024-10-30 21:01:24,695 [Worker-48: Launching Update] INFO  o.e.m.c.i.embedder.EclipseLogger - Copying 0 resource
2024-10-30 21:02:02,283 [Worker-48: Launching Update] WARN  o.e.m.c.i.embedder.EclipseLogger - Using platform encoding (Cp1252 actually) to copy filtered resources, i.e. build is platform dependent!
2024-10-30 21:02:02,286 [Worker-48: Launching Update] INFO  o.e.m.c.i.embedder.EclipseLogger - Copying 0 resource
2024-10-30 21:02:02,313 [Worker-48: Launching Update] WARN  o.e.m.c.i.embedder.EclipseLogger - Using platform encoding (Cp1252 actually) to copy filtered resources, i.e. build is platform dependent!
2024-10-30 21:02:02,315 [Worker-48: Launching Update] INFO  o.e.m.c.i.embedder.EclipseLogger - Copying 0 resource
2024-11-04 19:28:34,817 [Worker-8: Loading available Gradle versions] INFO  o.e.b.c.i.u.g.PublishedGradleVersions - Gradle version information cache is out-of-date. Trying to update.
2024-11-04 19:31:08,825 [Worker-25: Building] WARN  o.e.m.c.i.embedder.EclipseLogger - Using platform encoding (Cp1252 actually) to copy filtered resources, i.e. build is platform dependent!
2024-11-04 19:31:08,832 [Worker-25: Building] INFO  o.e.m.c.i.embedder.EclipseLogger - Copying 0 resource
2024-11-04 19:31:08,835 [Worker-25: Building] WARN  o.e.m.c.i.embedder.EclipseLogger - Using platform encoding (Cp1252 actually) to copy filtered resources, i.e. build is platform dependent!
2024-11-04 19:31:08,837 [Worker-25: Building] INFO  o.e.m.c.i.embedder.EclipseLogger - Copying 0 resource
2024-11-04 19:40:48,538 [Worker-32: Launching Fetch] WARN  o.e.m.c.i.embedder.EclipseLogger - Using platform encoding (Cp1252 actually) to copy filtered resources, i.e. build is platform dependent!
2024-11-04 19:40:48,554 [Worker-32: Launching Fetch] INFO  o.e.m.c.i.embedder.EclipseLogger - Copying 0 resource
2024-11-04 19:40:48,558 [Worker-32: Launching Fetch] WARN  o.e.m.c.i.embedder.EclipseLogger - Using platform encoding (Cp1252 actually) to copy filtered resources, i.e. build is platform dependent!
2024-11-04 19:40:48,560 [Worker-32: Launching Fetch] INFO  o.e.m.c.i.embedder.EclipseLogger - Copying 0 resource
2024-11-04 19:47:29,216 [Worker-36: Launching Fetch] WARN  o.e.m.c.i.embedder.EclipseLogger - Using platform encoding (Cp1252 actually) to copy filtered resources, i.e. build is platform dependent!
2024-11-04 19:47:29,218 [Worker-36: Launching Fetch] INFO  o.e.m.c.i.embedder.EclipseLogger - Copying 0 resource
2024-11-04 19:47:29,222 [Worker-36: Launching Fetch] WARN  o.e.m.c.i.embedder.EclipseLogger - Using platform encoding (Cp1252 actually) to copy filtered resources, i.e. build is platform dependent!
2024-11-04 19:47:29,224 [Worker-36: Launching Fetch] INFO  o.e.m.c.i.embedder.EclipseLogger - Copying 0 resource
2024-11-04 19:47:44,637 [Worker-37: Launching Fetch] WARN  o.e.m.c.i.embedder.EclipseLogger - Using platform encoding (Cp1252 actually) to copy filtered resources, i.e. build is platform dependent!
2024-11-04 19:47:44,640 [Worker-37: Launching Fetch] INFO  o.e.m.c.i.embedder.EclipseLogger - Copying 0 resource
2024-11-04 19:47:44,644 [Worker-37: Launching Fetch] WARN  o.e.m.c.i.embedder.EclipseLogger - Using platform encoding (Cp1252 actually) to copy filtered resources, i.e. build is platform dependent!
2024-11-04 19:47:44,647 [Worker-37: Launching Fetch] INFO  o.e.m.c.i.embedder.EclipseLogger - Copying 0 resource
2024-11-04 20:07:22,790 [Worker-36: Launching Fetch] WARN  o.e.m.c.i.embedder.EclipseLogger - Using platform encoding (Cp1252 actually) to copy filtered resources, i.e. build is platform dependent!
2024-11-04 20:07:22,793 [Worker-36: Launching Fetch] INFO  o.e.m.c.i.embedder.EclipseLogger - Copying 0 resource
2024-11-04 20:07:22,796 [Worker-36: Launching Fetch] WARN  o.e.m.c.i.embedder.EclipseLogger - Using platform encoding (Cp1252 actually) to copy filtered resources, i.e. build is platform dependent!
2024-11-04 20:07:22,798 [Worker-36: Launching Fetch] INFO  o.e.m.c.i.embedder.EclipseLogger - Copying 0 resource
2024-11-04 20:10:20,157 [Worker-44: Launching Insert] WARN  o.e.m.c.i.embedder.EclipseLogger - Using platform encoding (Cp1252 actually) to copy filtered resources, i.e. build is platform dependent!
2024-11-04 20:10:20,161 [Worker-44: Launching Insert] INFO  o.e.m.c.i.embedder.EclipseLogger - Copying 0 resource
2024-11-04 20:10:20,164 [Worker-44: Launching Insert] WARN  o.e.m.c.i.embedder.EclipseLogger - Using platform encoding (Cp1252 actually) to copy filtered resources, i.e. build is platform dependent!
2024-11-04 20:10:20,166 [Worker-44: Launching Insert] INFO  o.e.m.c.i.embedder.EclipseLogger - Copying 0 resource
2024-11-04 20:11:08,053 [Worker-45: Launching Insert] WARN  o.e.m.c.i.embedder.EclipseLogger - Using platform encoding (Cp1252 actually) to copy filtered resources, i.e. build is platform dependent!
2024-11-04 20:11:08,057 [Worker-45: Launching Insert] INFO  o.e.m.c.i.embedder.EclipseLogger - Copying 0 resource
2024-11-04 20:11:08,062 [Worker-45: Launching Insert] WARN  o.e.m.c.i.embedder.EclipseLogger - Using platform encoding (Cp1252 actually) to copy filtered resources, i.e. build is platform dependent!
2024-11-04 20:11:08,064 [Worker-45: Launching Insert] INFO  o.e.m.c.i.embedder.EclipseLogger - Copying 0 resource
2024-11-04 20:24:15,082 [Worker-47: Building] WARN  o.e.m.c.i.embedder.EclipseLogger - Using platform encoding (Cp1252 actually) to copy filtered resources, i.e. build is platform dependent!
2024-11-04 20:24:15,085 [Worker-47: Building] INFO  o.e.m.c.i.embedder.EclipseLogger - Copying 0 resource
2024-11-04 20:24:15,092 [Worker-47: Building] WARN  o.e.m.c.i.embedder.EclipseLogger - Using platform encoding (Cp1252 actually) to copy filtered resources, i.e. build is platform dependent!
2024-11-04 20:24:15,094 [Worker-47: Building] INFO  o.e.m.c.i.embedder.EclipseLogger - Copying 0 resource
2024-11-04 20:30:00,838 [Worker-50: Launching InsertUsingPreparedStatement] WARN  o.e.m.c.i.embedder.EclipseLogger - Using platform encoding (Cp1252 actually) to copy filtered resources, i.e. build is platform dependent!
2024-11-04 20:30:00,841 [Worker-50: Launching InsertUsingPreparedStatement] INFO  o.e.m.c.i.embedder.EclipseLogger - Copying 0 resource
2024-11-04 20:30:00,845 [Worker-50: Launching InsertUsingPreparedStatement] WARN  o.e.m.c.i.embedder.EclipseLogger - Using platform encoding (Cp1252 actually) to copy filtered resources, i.e. build is platform dependent!
2024-11-04 20:30:00,849 [Worker-50: Launching InsertUsingPreparedStatement] INFO  o.e.m.c.i.embedder.EclipseLogger - Copying 0 resource
2024-11-04 20:48:37,024 [Worker-52: Building] WARN  o.e.m.c.i.embedder.EclipseLogger - Using platform encoding (Cp1252 actually) to copy filtered resources, i.e. build is platform dependent!
2024-11-04 20:48:37,026 [Worker-52: Building] INFO  o.e.m.c.i.embedder.EclipseLogger - Copying 0 resource
2024-11-04 20:48:37,031 [Worker-52: Building] WARN  o.e.m.c.i.embedder.EclipseLogger - Using platform encoding (Cp1252 actually) to copy filtered resources, i.e. build is platform dependent!
2024-11-04 20:48:37,033 [Worker-52: Building] INFO  o.e.m.c.i.embedder.EclipseLogger - Copying 0 resource
2024-11-05 07:01:39,529 [Worker-4: Loading available Gradle versions] INFO  o.e.b.c.i.u.g.PublishedGradleVersions - Gradle version information cache is up-to-date. Trying to read.
2024-11-05 07:02:39,961 [Worker-20: Launching InsertUsingPreparedStatement] WARN  o.e.m.c.i.embedder.EclipseLogger - Using platform encoding (Cp1252 actually) to copy filtered resources, i.e. build is platform dependent!
2024-11-05 07:02:39,967 [Worker-20: Launching InsertUsingPreparedStatement] INFO  o.e.m.c.i.embedder.EclipseLogger - Copying 0 resource
2024-11-05 07:02:39,970 [Worker-20: Launching InsertUsingPreparedStatement] WARN  o.e.m.c.i.embedder.EclipseLogger - Using platform encoding (Cp1252 actually) to copy filtered resources, i.e. build is platform dependent!
2024-11-05 07:02:39,971 [Worker-20: Launching InsertUsingPreparedStatement] INFO  o.e.m.c.i.embedder.EclipseLogger - Copying 0 resource
2024-11-05 07:03:12,875 [Worker-16: Launching InsertUsingPreparedStatement] WARN  o.e.m.c.i.embedder.EclipseLogger - Using platform encoding (Cp1252 actually) to copy filtered resources, i.e. build is platform dependent!
2024-11-05 07:03:12,881 [Worker-16: Launching InsertUsingPreparedStatement] INFO  o.e.m.c.i.embedder.EclipseLogger - Copying 0 resource
2024-11-05 07:03:12,884 [Worker-16: Launching InsertUsingPreparedStatement] WARN  o.e.m.c.i.embedder.EclipseLogger - Using platform encoding (Cp1252 actually) to copy filtered resources, i.e. build is platform dependent!
2024-11-05 07:03:12,885 [Worker-16: Launching InsertUsingPreparedStatement] INFO  o.e.m.c.i.embedder.EclipseLogger - Copying 0 resource
2024-11-05 07:07:30,711 [Worker-12: Launching Fetch] WARN  o.e.m.c.i.embedder.EclipseLogger - Using platform encoding (Cp1252 actually) to copy filtered resources, i.e. build is platform dependent!
2024-11-05 07:07:30,713 [Worker-12: Launching Fetch] INFO  o.e.m.c.i.embedder.EclipseLogger - Copying 0 resource
2024-11-05 07:07:30,719 [Worker-12: Launching Fetch] WARN  o.e.m.c.i.embedder.EclipseLogger - Using platform encoding (Cp1252 actually) to copy filtered resources, i.e. build is platform dependent!
2024-11-05 07:07:30,721 [Worker-12: Launching Fetch] INFO  o.e.m.c.i.embedder.EclipseLogger - Copying 0 resource
2024-11-05 07:07:42,810 [Worker-31: Launching Fetch] WARN  o.e.m.c.i.embedder.EclipseLogger - Using platform encoding (Cp1252 actually) to copy filtered resources, i.e. build is platform dependent!
2024-11-05 07:07:42,812 [Worker-31: Launching Fetch] INFO  o.e.m.c.i.embedder.EclipseLogger - Copying 0 resource
2024-11-05 07:07:42,816 [Worker-31: Launching Fetch] WARN  o.e.m.c.i.embedder.EclipseLogger - Using platform encoding (Cp1252 actually) to copy filtered resources, i.e. build is platform dependent!
2024-11-05 07:07:42,817 [Worker-31: Launching Fetch] INFO  o.e.m.c.i.embedder.EclipseLogger - Copying 0 resource
2024-11-05 07:08:42,456 [Worker-19: Launching Fetch] WARN  o.e.m.c.i.embedder.EclipseLogger - Using platform encoding (Cp1252 actually) to copy filtered resources, i.e. build is platform dependent!
2024-11-05 07:08:42,458 [Worker-19: Launching Fetch] INFO  o.e.m.c.i.embedder.EclipseLogger - Copying 0 resource
2024-11-05 07:08:42,462 [Worker-19: Launching Fetch] WARN  o.e.m.c.i.embedder.EclipseLogger - Using platform encoding (Cp1252 actually) to copy filtered resources, i.e. build is platform dependent!
2024-11-05 07:08:42,464 [Worker-19: Launching Fetch] INFO  o.e.m.c.i.embedder.EclipseLogger - Copying 0 resource
2024-11-05 07:08:58,450 [Worker-19: Launching Fetch] WARN  o.e.m.c.i.embedder.EclipseLogger - Using platform encoding (Cp1252 actually) to copy filtered resources, i.e. build is platform dependent!
2024-11-05 07:08:58,452 [Worker-19: Launching Fetch] INFO  o.e.m.c.i.embedder.EclipseLogger - Copying 0 resource
2024-11-05 07:08:58,456 [Worker-19: Launching Fetch] WARN  o.e.m.c.i.embedder.EclipseLogger - Using platform encoding (Cp1252 actually) to copy filtered resources, i.e. build is platform dependent!
2024-11-05 07:08:58,457 [Worker-19: Launching Fetch] INFO  o.e.m.c.i.embedder.EclipseLogger - Copying 0 resource
2024-11-05 07:11:33,114 [Worker-32: Creating project "HomeProject"] INFO  o.e.m.c.i.l.LifecycleMappingFactory - Using org.eclipse.m2e.jdt.JarLifecycleMapping lifecycle mapping for MavenProject: com.home:HomeProject:0.0.1-SNAPSHOT @ C:\Users\Rahul\Desktop\JDBC\HomeProject\pom.xml.
2024-11-05 07:11:33,670 [Worker-32: Creating project "HomeProject"] INFO  o.e.m.j.i.AbstractJavaProjectConfigurator - Adding source folder /HomeProject/src/main/java
2024-11-05 07:11:33,670 [Worker-32: Creating project "HomeProject"] INFO  o.e.m.j.i.AbstractJavaProjectConfigurator - Adding resource folder /HomeProject/src/main/resources
2024-11-05 07:11:33,671 [Worker-32: Creating project "HomeProject"] INFO  o.e.m.j.i.AbstractJavaProjectConfigurator - Adding source folder /HomeProject/src/test/java
2024-11-05 07:11:33,671 [Worker-32: Creating project "HomeProject"] INFO  o.e.m.j.i.AbstractJavaProjectConfigurator - Adding resource folder /HomeProject/src/test/resources
2024-11-05 07:11:34,001 [Worker-32: Building] WARN  o.e.m.c.i.embedder.EclipseLogger - Using platform encoding (Cp1252 actually) to copy filtered resources, i.e. build is platform dependent!
2024-11-05 07:11:34,002 [Worker-32: Building] INFO  o.e.m.c.i.embedder.EclipseLogger - Copying 0 resource
2024-11-05 07:11:34,004 [Worker-32: Building] WARN  o.e.m.c.i.embedder.EclipseLogger - Using platform encoding (Cp1252 actually) to copy filtered resources, i.e. build is platform dependent!
2024-11-05 07:11:34,005 [Worker-32: Building] INFO  o.e.m.c.i.embedder.EclipseLogger - Copying 0 resource
2024-11-05 07:13:04,304 [Worker-37: Building] INFO  o.e.m.c.i.l.LifecycleMappingFactory - Using org.eclipse.m2e.jdt.JarLifecycleMapping lifecycle mapping for MavenProject: com.home:HomeProject:0.0.1-SNAPSHOT @ C:\Users\Rahul\Desktop\JDBC\HomeProject\pom.xml.
2024-11-05 07:13:04,339 [Worker-37: Building] WARN  o.e.m.c.i.embedder.EclipseLogger - Using platform encoding (Cp1252 actually) to copy filtered resources, i.e. build is platform dependent!
2024-11-05 07:13:04,340 [Worker-37: Building] INFO  o.e.m.c.i.embedder.EclipseLogger - Copying 0 resource
2024-11-05 07:13:04,343 [Worker-37: Building] WARN  o.e.m.c.i.embedder.EclipseLogger - Using platform encoding (Cp1252 actually) to copy filtered resources, i.e. build is platform dependent!
2024-11-05 07:13:04,344 [Worker-37: Building] INFO  o.e.m.c.i.embedder.EclipseLogger - Copying 0 resource
2024-11-05 07:13:05,492 [Worker-33: Building] WARN  o.e.m.c.i.embedder.EclipseLogger - Using platform encoding (Cp1252 actually) to copy filtered resources, i.e. build is platform dependent!
2024-11-05 07:13:05,493 [Worker-33: Building] INFO  o.e.m.c.i.embedder.EclipseLogger - Copying 0 resource
2024-11-05 07:13:05,494 [Worker-33: Building] WARN  o.e.m.c.i.embedder.EclipseLogger - Using platform encoding (Cp1252 actually) to copy filtered resources, i.e. build is platform dependent!
2024-11-05 07:13:05,495 [Worker-33: Building] INFO  o.e.m.c.i.embedder.EclipseLogger - Copying 0 resource
2024-11-05 07:14:53,171 [Worker-35: Building] WARN  o.e.m.c.i.embedder.EclipseLogger - Using platform encoding (Cp1252 actually) to copy filtered resources, i.e. build is platform dependent!
2024-11-05 07:14:53,174 [Worker-35: Building] INFO  o.e.m.c.i.embedder.EclipseLogger - Copying 0 resource
2024-11-05 07:14:53,175 [Worker-35: Building] WARN  o.e.m.c.i.embedder.EclipseLogger - Using platform encoding (Cp1252 actually) to copy filtered resources, i.e. build is platform dependent!
2024-11-05 07:14:53,177 [Worker-35: Building] INFO  o.e.m.c.i.embedder.EclipseLogger - Copying 0 resource
2024-11-05 07:55:40,196 [Worker-40: Launching InsertUsingPreparedStatement (1)] WARN  o.e.m.c.i.embedder.EclipseLogger - Using platform encoding (Cp1252 actually) to copy filtered resources, i.e. build is platform dependent!
2024-11-05 07:55:40,200 [Worker-40: Launching InsertUsingPreparedStatement (1)] INFO  o.e.m.c.i.embedder.EclipseLogger - Copying 0 resource
2024-11-05 07:55:40,201 [Worker-40: Launching InsertUsingPreparedStatement (1)] WARN  o.e.m.c.i.embedder.EclipseLogger - Using platform encoding (Cp1252 actually) to copy filtered resources, i.e. build is platform dependent!
2024-11-05 07:55:40,202 [Worker-40: Launching InsertUsingPreparedStatement (1)] INFO  o.e.m.c.i.embedder.EclipseLogger - Copying 0 resource
2024-11-05 07:57:02,976 [Worker-41: Launching InsertUsingPreparedStatement (1)] WARN  o.e.m.c.i.embedder.EclipseLogger - Using platform encoding (Cp1252 actually) to copy filtered resources, i.e. build is platform dependent!
2024-11-05 07:57:02,979 [Worker-41: Launching InsertUsingPreparedStatement (1)] INFO  o.e.m.c.i.embedder.EclipseLogger - Copying 0 resource
2024-11-05 07:57:02,983 [Worker-41: Launching InsertUsingPreparedStatement (1)] WARN  o.e.m.c.i.embedder.EclipseLogger - Using platform encoding (Cp1252 actually) to copy filtered resources, i.e. build is platform dependent!
2024-11-05 07:57:02,985 [Worker-41: Launching InsertUsingPreparedStatement (1)] INFO  o.e.m.c.i.embedder.EclipseLogger - Copying 0 resource
2024-11-05 07:58:17,477 [Worker-39: Building] WARN  o.e.m.c.i.embedder.EclipseLogger - Using platform encoding (Cp1252 actually) to copy filtered resources, i.e. build is platform dependent!
2024-11-05 07:58:17,478 [Worker-39: Building] INFO  o.e.m.c.i.embedder.EclipseLogger - Copying 0 resource
2024-11-05 07:58:17,479 [Worker-39: Building] WARN  o.e.m.c.i.embedder.EclipseLogger - Using platform encoding (Cp1252 actually) to copy filtered resources, i.e. build is platform dependent!
2024-11-05 07:58:17,480 [Worker-39: Building] INFO  o.e.m.c.i.embedder.EclipseLogger - Copying 0 resource
2024-11-05 07:58:46,154 [Worker-41: Building] WARN  o.e.m.c.i.embedder.EclipseLogger - Using platform encoding (Cp1252 actually) to copy filtered resources, i.e. build is platform dependent!
2024-11-05 07:58:46,157 [Worker-41: Building] INFO  o.e.m.c.i.embedder.EclipseLogger - Copying 0 resource
2024-11-05 07:58:46,159 [Worker-41: Building] WARN  o.e.m.c.i.embedder.EclipseLogger - Using platform encoding (Cp1252 actually) to copy filtered resources, i.e. build is platform dependent!
2024-11-05 07:58:46,160 [Worker-41: Building] INFO  o.e.m.c.i.embedder.EclipseLogger - Copying 0 resource
2024-11-05 08:04:29,165 [Worker-45: Building] WARN  o.e.m.c.i.embedder.EclipseLogger - Using platform encoding (Cp1252 actually) to copy filtered resources, i.e. build is platform dependent!
2024-11-05 08:04:29,167 [Worker-45: Building] INFO  o.e.m.c.i.embedder.EclipseLogger - Copying 0 resource
2024-11-05 08:04:29,168 [Worker-45: Building] WARN  o.e.m.c.i.embedder.EclipseLogger - Using platform encoding (Cp1252 actually) to copy filtered resources, i.e. build is platform dependent!
2024-11-05 08:04:29,169 [Worker-45: Building] INFO  o.e.m.c.i.embedder.EclipseLogger - Copying 0 resource
2024-11-05 08:07:34,746 [Worker-42: Launching FetchingData] WARN  o.e.m.c.i.embedder.EclipseLogger - Using platform encoding (Cp1252 actually) to copy filtered resources, i.e. build is platform dependent!
2024-11-05 08:07:34,749 [Worker-42: Launching FetchingData] INFO  o.e.m.c.i.embedder.EclipseLogger - Copying 0 resource
2024-11-05 08:07:34,753 [Worker-42: Launching FetchingData] WARN  o.e.m.c.i.embedder.EclipseLogger - Using platform encoding (Cp1252 actually) to copy filtered resources, i.e. build is platform dependent!
2024-11-05 08:07:34,755 [Worker-42: Launching FetchingData] INFO  o.e.m.c.i.embedder.EclipseLogger - Copying 0 resource
2024-11-05 08:11:08,002 [Worker-45: Launching InsertUsingPreparedStatement (1)] WARN  o.e.m.c.i.embedder.EclipseLogger - Using platform encoding (Cp1252 actually) to copy filtered resources, i.e. build is platform dependent!
2024-11-05 08:11:08,005 [Worker-45: Launching InsertUsingPreparedStatement (1)] INFO  o.e.m.c.i.embedder.EclipseLogger - Copying 0 resource
2024-11-05 08:11:08,008 [Worker-45: Launching InsertUsingPreparedStatement (1)] WARN  o.e.m.c.i.embedder.EclipseLogger - Using platform encoding (Cp1252 actually) to copy filtered resources, i.e. build is platform dependent!
2024-11-05 08:11:08,009 [Worker-45: Launching InsertUsingPreparedStatement (1)] INFO  o.e.m.c.i.embedder.EclipseLogger - Copying 0 resource
2024-11-05 08:12:44,842 [Worker-45: Launching FetchingData] WARN  o.e.m.c.i.embedder.EclipseLogger - Using platform encoding (Cp1252 actually) to copy filtered resources, i.e. build is platform dependent!
2024-11-05 08:12:44,843 [Worker-45: Launching FetchingData] INFO  o.e.m.c.i.embedder.EclipseLogger - Copying 0 resource
2024-11-05 08:12:44,845 [Worker-45: Launching FetchingData] WARN  o.e.m.c.i.embedder.EclipseLogger - Using platform encoding (Cp1252 actually) to copy filtered resources, i.e. build is platform dependent!
2024-11-05 08:12:44,847 [Worker-45: Launching FetchingData] INFO  o.e.m.c.i.embedder.EclipseLogger - Copying 0 resource
2024-11-05 08:13:49,116 [Worker-48: Launching FetchingData] WARN  o.e.m.c.i.embedder.EclipseLogger - Using platform encoding (Cp1252 actually) to copy filtered resources, i.e. build is platform dependent!
2024-11-05 08:13:49,118 [Worker-48: Launching FetchingData] INFO  o.e.m.c.i.embedder.EclipseLogger - Copying 0 resource
2024-11-05 08:13:49,121 [Worker-48: Launching FetchingData] WARN  o.e.m.c.i.embedder.EclipseLogger - Using platform encoding (Cp1252 actually) to copy filtered resources, i.e. build is platform dependent!
2024-11-05 08:13:49,122 [Worker-48: Launching FetchingData] INFO  o.e.m.c.i.embedder.EclipseLogger - Copying 0 resource
2024-11-05 19:31:40,921 [Worker-4: Loading available Gradle versions] INFO  o.e.b.c.i.u.g.PublishedGradleVersions - Gradle version information cache is out-of-date. Trying to update.
2024-11-05 19:31:41,326 [Worker-4: Loading available Gradle versions] INFO  o.e.b.c.i.u.g.PublishedGradleVersions - Updating Gradle version information cache failed. Using outdated cache.
2024-11-05 19:31:44,322 [Worker-11: Building] WARN  o.e.m.c.i.embedder.EclipseLogger - Using platform encoding (Cp1252 actually) to copy filtered resources, i.e. build is platform dependent!
2024-11-05 19:31:44,330 [Worker-11: Building] INFO  o.e.m.c.i.embedder.EclipseLogger - Copying 0 resource
2024-11-05 19:31:44,335 [Worker-11: Building] WARN  o.e.m.c.i.embedder.EclipseLogger - Using platform encoding (Cp1252 actually) to copy filtered resources, i.e. build is platform dependent!
2024-11-05 19:31:44,337 [Worker-11: Building] INFO  o.e.m.c.i.embedder.EclipseLogger - Copying 0 resource
2024-11-05 19:31:58,409 [Worker-8: Building] WARN  o.e.m.c.i.embedder.EclipseLogger - Using platform encoding (Cp1252 actually) to copy filtered resources, i.e. build is platform dependent!
2024-11-05 19:31:58,410 [Worker-8: Building] INFO  o.e.m.c.i.embedder.EclipseLogger - Copying 0 resource
2024-11-05 19:31:58,413 [Worker-8: Building] WARN  o.e.m.c.i.embedder.EclipseLogger - Using platform encoding (Cp1252 actually) to copy filtered resources, i.e. build is platform dependent!
2024-11-05 19:31:58,414 [Worker-8: Building] INFO  o.e.m.c.i.embedder.EclipseLogger - Copying 0 resource
2024-11-05 19:50:18,604 [Worker-11: Building] WARN  o.e.m.c.i.embedder.EclipseLogger - Using platform encoding (Cp1252 actually) to copy filtered resources, i.e. build is platform dependent!
2024-11-05 19:50:20,121 [Worker-11: Building] INFO  o.e.m.c.i.embedder.EclipseLogger - Copying 0 resource
2024-11-05 19:50:20,123 [Worker-11: Building] WARN  o.e.m.c.i.embedder.EclipseLogger - Using platform encoding (Cp1252 actually) to copy filtered resources, i.e. build is platform dependent!
2024-11-05 19:50:20,124 [Worker-11: Building] INFO  o.e.m.c.i.embedder.EclipseLogger - Copying 0 resource
2024-11-05 19:51:51,431 [Worker-32: Building] WARN  o.e.m.c.i.embedder.EclipseLogger - Using platform encoding (Cp1252 actually) to copy filtered resources, i.e. build is platform dependent!
2024-11-05 19:51:51,432 [Worker-32: Building] INFO  o.e.m.c.i.embedder.EclipseLogger - Copying 0 resource
2024-11-05 19:51:51,434 [Worker-32: Building] WARN  o.e.m.c.i.embedder.EclipseLogger - Using platform encoding (Cp1252 actually) to copy filtered resources, i.e. build is platform dependent!
2024-11-05 19:51:51,436 [Worker-32: Building] INFO  o.e.m.c.i.embedder.EclipseLogger - Copying 0 resource
2024-11-05 19:55:39,198 [Worker-32: Launching Procedures] WARN  o.e.m.c.i.embedder.EclipseLogger - Using platform encoding (Cp1252 actually) to copy filtered resources, i.e. build is platform dependent!
2024-11-05 19:55:39,200 [Worker-32: Launching Procedures] INFO  o.e.m.c.i.embedder.EclipseLogger - Copying 0 resource
2024-11-05 19:55:39,203 [Worker-32: Launching Procedures] WARN  o.e.m.c.i.embedder.EclipseLogger - Using platform encoding (Cp1252 actually) to copy filtered resources, i.e. build is platform dependent!
2024-11-05 19:55:39,204 [Worker-32: Launching Procedures] INFO  o.e.m.c.i.embedder.EclipseLogger - Copying 0 resource
2024-11-05 20:03:35,713 [Worker-36: Building] WARN  o.e.m.c.i.embedder.EclipseLogger - Using platform encoding (Cp1252 actually) to copy filtered resources, i.e. build is platform dependent!
2024-11-05 20:03:35,715 [Worker-36: Building] INFO  o.e.m.c.i.embedder.EclipseLogger - Copying 0 resource
2024-11-05 20:03:35,720 [Worker-36: Building] WARN  o.e.m.c.i.embedder.EclipseLogger - Using platform encoding (Cp1252 actually) to copy filtered resources, i.e. build is platform dependent!
2024-11-05 20:03:35,721 [Worker-36: Building] INFO  o.e.m.c.i.embedder.EclipseLogger - Copying 0 resource
2024-11-05 20:09:03,252 [Worker-37: Launching ExectueMethods] WARN  o.e.m.c.i.embedder.EclipseLogger - Using platform encoding (Cp1252 actually) to copy filtered resources, i.e. build is platform dependent!
2024-11-05 20:09:03,254 [Worker-37: Launching ExectueMethods] INFO  o.e.m.c.i.embedder.EclipseLogger - Copying 0 resource
2024-11-05 20:09:03,257 [Worker-37: Launching ExectueMethods] WARN  o.e.m.c.i.embedder.EclipseLogger - Using platform encoding (Cp1252 actually) to copy filtered resources, i.e. build is platform dependent!
2024-11-05 20:09:03,258 [Worker-37: Launching ExectueMethods] INFO  o.e.m.c.i.embedder.EclipseLogger - Copying 0 resource
2024-11-05 20:09:56,432 [Worker-11: Launching ExectueMethods] WARN  o.e.m.c.i.embedder.EclipseLogger - Using platform encoding (Cp1252 actually) to copy filtered resources, i.e. build is platform dependent!
2024-11-05 20:09:56,434 [Worker-11: Launching ExectueMethods] INFO  o.e.m.c.i.embedder.EclipseLogger - Copying 0 resource
2024-11-05 20:09:56,438 [Worker-11: Launching ExectueMethods] WARN  o.e.m.c.i.embedder.EclipseLogger - Using platform encoding (Cp1252 actually) to copy filtered resources, i.e. build is platform dependent!
2024-11-05 20:09:56,439 [Worker-11: Launching ExectueMethods] INFO  o.e.m.c.i.embedder.EclipseLogger - Copying 0 resource
2024-11-05 20:13:07,825 [Worker-41: Launching ExectueMethods] WARN  o.e.m.c.i.embedder.EclipseLogger - Using platform encoding (Cp1252 actually) to copy filtered resources, i.e. build is platform dependent!
2024-11-05 20:13:07,827 [Worker-41: Launching ExectueMethods] INFO  o.e.m.c.i.embedder.EclipseLogger - Copying 0 resource
2024-11-05 20:13:07,830 [Worker-41: Launching ExectueMethods] WARN  o.e.m.c.i.embedder.EclipseLogger - Using platform encoding (Cp1252 actually) to copy filtered resources, i.e. build is platform dependent!
2024-11-05 20:13:07,831 [Worker-41: Launching ExectueMethods] INFO  o.e.m.c.i.embedder.EclipseLogger - Copying 0 resource
2024-11-06 04:51:55,054 [Worker-7: Loading available Gradle versions] INFO  o.e.b.c.i.u.g.PublishedGradleVersions - Gradle version information cache is up-to-date. Trying to read.
2024-11-06 04:51:57,491 [Worker-8: Building] INFO  o.e.m.c.i.l.LifecycleMappingFactory - Using org.eclipse.m2e.jdt.JarLifecycleMapping lifecycle mapping for MavenProject: com.ty:DemoProject:0.0.1-SNAPSHOT @ C:\Users\Rahul Ambavane\Desktop\J2EE\DemoProject\pom.xml.
2024-11-06 04:51:57,792 [Worker-8: Building] WARN  o.e.m.c.i.embedder.EclipseLogger - Using platform encoding (Cp1252 actually) to copy filtered resources, i.e. build is platform dependent!
2024-11-06 04:51:57,794 [Worker-8: Building] INFO  o.e.m.c.i.embedder.EclipseLogger - skip non existing resourceDirectory C:\Users\Rahul Ambavane\Desktop\J2EE\DemoProject\src\main\resources
2024-11-06 04:51:57,799 [Worker-8: Building] WARN  o.e.m.c.i.embedder.EclipseLogger - Using platform encoding (Cp1252 actually) to copy filtered resources, i.e. build is platform dependent!
2024-11-06 04:51:57,801 [Worker-8: Building] INFO  o.e.m.c.i.embedder.EclipseLogger - skip non existing resourceDirectory C:\Users\Rahul Ambavane\Desktop\J2EE\DemoProject\src\test\resources
2024-11-06 04:51:58,201 [Worker-8: Building] INFO  o.e.m.c.i.l.LifecycleMappingFactory - Using org.eclipse.m2e.jdt.JarLifecycleMapping lifecycle mapping for MavenProject: com.home:HomeProject:0.0.1-SNAPSHOT @ C:\Users\Rahul Ambavane\Desktop\J2EE\HomeProject\pom.xml.
2024-11-06 04:51:58,270 [Worker-8: Building] WARN  o.e.m.c.i.embedder.EclipseLogger - Using platform encoding (Cp1252 actually) to copy filtered resources, i.e. build is platform dependent!
2024-11-06 04:51:58,272 [Worker-8: Building] INFO  o.e.m.c.i.embedder.EclipseLogger - skip non existing resourceDirectory C:\Users\Rahul Ambavane\Desktop\J2EE\HomeProject\src\main\resources
2024-11-06 04:51:58,276 [Worker-8: Building] WARN  o.e.m.c.i.embedder.EclipseLogger - Using platform encoding (Cp1252 actually) to copy filtered resources, i.e. build is platform dependent!
2024-11-06 04:51:58,277 [Worker-8: Building] INFO  o.e.m.c.i.embedder.EclipseLogger - skip non existing resourceDirectory C:\Users\Rahul Ambavane\Desktop\J2EE\HomeProject\src\test\resources
2024-11-06 04:51:59,460 [Worker-7: Building] WARN  o.e.m.c.i.embedder.EclipseLogger - Using platform encoding (Cp1252 actually) to copy filtered resources, i.e. build is platform dependent!
2024-11-06 04:51:59,461 [Worker-7: Building] INFO  o.e.m.c.i.embedder.EclipseLogger - skip non existing resourceDirectory C:\Users\Rahul Ambavane\Desktop\J2EE\DemoProject\src\main\resources
2024-11-06 04:51:59,464 [Worker-7: Building] WARN  o.e.m.c.i.embedder.EclipseLogger - Using platform encoding (Cp1252 actually) to copy filtered resources, i.e. build is platform dependent!
2024-11-06 04:51:59,465 [Worker-7: Building] INFO  o.e.m.c.i.embedder.EclipseLogger - skip non existing resourceDirectory C:\Users\Rahul Ambavane\Desktop\J2EE\DemoProject\src\test\resources
